The target system is: Generic -  - 
The host system is: Windows - 10.0.18363 - AMD64
Compiling the C compiler identification source file "CMakeCCompilerId.c" succeeded.
Compiler: C:/Users/John/.espressif/tools/xtensa-esp32-elf/1.22.0-80-g6c4433a5-5.2.0/xtensa-esp32-elf/bin/xtensa-esp32-elf-gcc.exe 
Build flags: -mlongcalls
Id flags: -c 

The output was:
0


Compilation of the C compiler identification source "CMakeCCompilerId.c" produced "CMakeCCompilerId.o"

The C compiler identification is GNU, found in "C:/Users/John/Documents/AWS/my_custom_aws_project/build/CMakeFiles/3.13.4/CompilerIdC/CMakeCCompilerId.o"

Compiling the CXX compiler identification source file "CMakeCXXCompilerId.cpp" succeeded.
Compiler: C:/Users/John/.espressif/tools/xtensa-esp32-elf/1.22.0-80-g6c4433a5-5.2.0/xtensa-esp32-elf/bin/xtensa-esp32-elf-g++.exe 
Build flags: -mlongcalls
Id flags: -c 

The output was:
0


Compilation of the CXX compiler identification source "CMakeCXXCompilerId.cpp" produced "CMakeCXXCompilerId.o"

The CXX compiler identification is GNU, found in "C:/Users/John/Documents/AWS/my_custom_aws_project/build/CMakeFiles/3.13.4/CompilerIdCXX/CMakeCXXCompilerId.o"

Checking whether the ASM compiler is GNU using "--version" matched "(GNU assembler)|(GCC)|(Free Software Foundation)":
xtensa-esp32-elf-gcc.exe (crosstool-NG crosstool-ng-1.22.0-80-g6c4433a5) 5.2.0
Copyright (C) 2015 Free Software Foundation, Inc.
This is free software; see the source for copying conditions.  There is NO
warranty; not even for MERCHANTABILITY or FITNESS FOR A PARTICULAR PURPOSE.

